<?xml version="1.0" encoding="UTF-8"?>
<!-- Generated by org.testng.reporters.JUnitXMLReporter -->
<testsuite hostname="DESKTOP-0FSTDRC" ignored="0" name="Default test" tests="13" failures="0" timestamp="2020-01-21T17:11:12 IST" time="51.553" errors="0">
  <testcase name="login" time="0.846" classname="com.freshproposals.selenium.Rectangle_Duplicate_Proposal"/>
  <testcase name="open_Template" time="6.123" classname="com.freshproposals.selenium.Rectangle_Duplicate_Proposal"/>
  <testcase name="height_width" time="3.624" classname="com.freshproposals.selenium.Rectangle_Duplicate_Proposal"/>
  <testcase name="assert_width_1" time="0.12" classname="com.freshproposals.selenium.Rectangle_Duplicate_Proposal"/>
  <testcase name="assert_height_1" time="0.102" classname="com.freshproposals.selenium.Rectangle_Duplicate_Proposal"/>
  <testcase name="duplicate" time="2.43" classname="com.freshproposals.selenium.Rectangle_Duplicate_Proposal"/>
  <testcase name="DragDrop" time="3.502" classname="com.freshproposals.selenium.Rectangle_Duplicate_Proposal"/>
  <testcase name="assert_width_2" time="0.103" classname="com.freshproposals.selenium.Rectangle_Duplicate_Proposal"/>
  <testcase name="assert_height_2" time="0.075" classname="com.freshproposals.selenium.Rectangle_Duplicate_Proposal"/>
  <testcase name="Save" time="7.337" classname="com.freshproposals.selenium.Rectangle_Duplicate_Proposal"/>
  <testcase name="clear" time="3.362" classname="com.freshproposals.selenium.Rectangle_Duplicate_Proposal"/>
  <testcase name="reset_sign_1" time="3.473" classname="com.freshproposals.selenium.Rectangle_Duplicate_Proposal"/>
  <testcase name="Save2" time="7.001" classname="com.freshproposals.selenium.Rectangle_Duplicate_Proposal"/>
</testsuite> <!-- Default test -->
