<?xml version="1.0" encoding="UTF-8"?>
<!-- Generated by org.testng.reporters.JUnitXMLReporter -->
<testsuite hostname="DESKTOP-0FSTDRC" ignored="0" name="Default test" tests="8" failures="0" timestamp="2019-12-31T16:15:28 IST" time="81.64" errors="0">
  <testcase name="login" time="0.588" classname="com.freshproposals.selenium.Template_TextBox_2"/>
  <testcase name="openExistTemplate" time="10.186" classname="com.freshproposals.selenium.Template_TextBox_2"/>
  <testcase name="color" time="6.565" classname="com.freshproposals.selenium.Template_TextBox_2"/>
  <testcase name="corner" time="2.532" classname="com.freshproposals.selenium.Template_TextBox_2"/>
  <testcase name="advance" time="7.566" classname="com.freshproposals.selenium.Template_TextBox_2"/>
  <testcase name="gradient" time="4.302" classname="com.freshproposals.selenium.Template_TextBox_2"/>
  <testcase name="Save" time="10.453" classname="com.freshproposals.selenium.Template_TextBox_2"/>
  <testcase name="Reset" time="22.783" classname="com.freshproposals.selenium.Template_TextBox_2"/>
</testsuite> <!-- Default test -->
