<?xml version="1.0" encoding="UTF-8"?>
<!-- Generated by org.testng.reporters.JUnitXMLReporter -->
<testsuite hostname="DESKTOP-0FSTDRC" ignored="0" name="Default test" tests="11" failures="0" timestamp="2020-01-08T17:04:16 IST" time="69.403" errors="0">
  <testcase name="login" time="0.742" classname="com.freshproposals.selenium.Image_Duplicate_Section"/>
  <testcase name="open_Template" time="13.475" classname="com.freshproposals.selenium.Image_Duplicate_Section"/>
  <testcase name="height_width" time="5.487" classname="com.freshproposals.selenium.Image_Duplicate_Section"/>
  <testcase name="assert_width_1" time="0.186" classname="com.freshproposals.selenium.Image_Duplicate_Section"/>
  <testcase name="duplicate" time="2.421" classname="com.freshproposals.selenium.Image_Duplicate_Section"/>
  <testcase name="DragDrop" time="3.465" classname="com.freshproposals.selenium.Image_Duplicate_Section"/>
  <testcase name="assert_width_2" time="0.085" classname="com.freshproposals.selenium.Image_Duplicate_Section"/>
  <testcase name="Save" time="9.523" classname="com.freshproposals.selenium.Image_Duplicate_Section"/>
  <testcase name="clear" time="3.34" classname="com.freshproposals.selenium.Image_Duplicate_Section"/>
  <testcase name="reset_sign_1" time="3.409" classname="com.freshproposals.selenium.Image_Duplicate_Section"/>
  <testcase name="Save2" time="7.527" classname="com.freshproposals.selenium.Image_Duplicate_Section"/>
</testsuite> <!-- Default test -->
