<?xml version="1.0" encoding="UTF-8"?>
<!-- Generated by org.testng.reporters.JUnitXMLReporter -->
<testsuite hostname="DESKTOP-0FSTDRC" ignored="0" name="Default test" tests="9" failures="0" timestamp="2020-01-21T15:35:27 IST" time="54.814" errors="0">
  <testcase name="login" time="0.629" classname="com.freshproposals.selenium.TextBox_Duplicate_Template"/>
  <testcase name="open_Template" time="6.158" classname="com.freshproposals.selenium.TextBox_Duplicate_Template"/>
  <testcase name="write" time="6.311" classname="com.freshproposals.selenium.TextBox_Duplicate_Template"/>
  <testcase name="duplicate" time="2.476" classname="com.freshproposals.selenium.TextBox_Duplicate_Template"/>
  <testcase name="DragDrop" time="3.507" classname="com.freshproposals.selenium.TextBox_Duplicate_Template"/>
  <testcase name="Save" time="7.453" classname="com.freshproposals.selenium.TextBox_Duplicate_Template"/>
  <testcase name="clear" time="5.871" classname="com.freshproposals.selenium.TextBox_Duplicate_Template"/>
  <testcase name="Save2" time="7.156" classname="com.freshproposals.selenium.TextBox_Duplicate_Template"/>
  <testcase name="final_Result" time="1.006" classname="com.freshproposals.selenium.TextBox_Duplicate_Template"/>
</testsuite> <!-- Default test -->
