<?xml version="1.0" encoding="UTF-8"?>
<!-- Generated by org.testng.reporters.JUnitXMLReporter -->
<testsuite hostname="DESKTOP-0FSTDRC" ignored="1" name="Default test" tests="2" failures="0" timestamp="2019-11-08T15:54:02 IST" time="49.27" errors="0">
  <testcase name="login" time="0.621" classname="com.freshproposals.selenium.Collapse_Controls"/>
  <testcase name="grid" time="32.203" classname="com.freshproposals.selenium.Collapse_Controls"/>
  <testcase name="createtemplate" time="0.0" classname="com.freshproposals.selenium.Collapse_Controls">
    <ignored/>
  </testcase> <!-- createtemplate -->
</testsuite> <!-- Default test -->
