<?xml version="1.0" encoding="UTF-8"?>
<!-- Generated by org.testng.reporters.JUnitXMLReporter -->
<testsuite hostname="DESKTOP-DFBIVRO" ignored="0" name="Default test" tests="11" failures="0" timestamp="2020-01-17T17:10:50 IST" time="130.029" errors="0">
  <testcase name="login" time="5.515" classname="com.freshproposals.selenium.TempRead"/>
  <testcase name="ReadTemplate" time="13.628" classname="com.freshproposals.selenium.TempRead"/>
  <testcase name="ReadTemplateCoverLetter" time="10.405" classname="com.freshproposals.selenium.TempRead"/>
  <testcase name="ReadTemplateExecutiveSummary" time="10.479" classname="com.freshproposals.selenium.TempRead"/>
  <testcase name="ReadTemplateAboutUs" time="10.435" classname="com.freshproposals.selenium.TempRead"/>
  <testcase name="ReadTemplateProjectActivity" time="10.562" classname="com.freshproposals.selenium.TempRead"/>
  <testcase name="ReadTemplatePreview" time="11.733" classname="com.freshproposals.selenium.TempRead"/>
  <testcase name="ReadTemplateCoverLetterPreview" time="10.339" classname="com.freshproposals.selenium.TempRead"/>
  <testcase name="ReadTemplateExecutiveSummaryPreview" time="10.383" classname="com.freshproposals.selenium.TempRead"/>
  <testcase name="ReadTemplateAboutUsPreview" time="10.366" classname="com.freshproposals.selenium.TempRead"/>
  <testcase name="ReadTemplateProjectActivityPreview" time="10.499" classname="com.freshproposals.selenium.TempRead"/>
</testsuite> <!-- Default test -->
