<?xml version="1.0" encoding="UTF-8"?>
<!-- Generated by org.testng.reporters.JUnitXMLReporter -->
<testsuite hostname="DESKTOP-0FSTDRC" ignored="0" name="Default test" tests="3" failures="0" timestamp="2020-03-30T17:41:18 IST" time="115.521" errors="0">
  <testcase name="login" time="0.662" classname="com.freshproposals.selenium.Signature_Proposal"/>
  <testcase name="open_Proposal" time="16.174" classname="com.freshproposals.selenium.Signature_Proposal"/>
  <testcase name="ExtendsMethods" time="79.352" classname="com.freshproposals.selenium.Signature_Proposal"/>
</testsuite> <!-- Default test -->
