<?xml version="1.0" encoding="UTF-8"?>
<testng-results skipped="0" failed="0" ignored="1" total="3" passed="2">
  <reporter-output>
  </reporter-output>
  <suite name="Default suite" duration-ms="49270" started-at="2019-11-08T15:53:13 IST" finished-at="2019-11-08T15:54:02 IST">
    <groups>
    </groups>
    <test name="Default test" duration-ms="49270" started-at="2019-11-08T15:53:13 IST" finished-at="2019-11-08T15:54:02 IST">
      <class name="com.freshproposals.selenium.Collapse_Controls">
        <test-method status="PASS" signature="openBrowser()[pri:0, instance:com.freshproposals.selenium.Collapse_Controls@56235b8e]" name="openBrowser" is-config="true" duration-ms="11044" started-at="2019-11-08T15:53:13 IST" finished-at="2019-11-08T15:53:24 IST">
          <reporter-output>
          </reporter-output>
        </test-method> <!-- openBrowser -->
        <test-method status="PASS" signature="login(java.lang.String, java.lang.String)[pri:0, instance:com.freshproposals.selenium.Collapse_Controls@56235b8e]" name="login" duration-ms="621" started-at="2019-11-08T15:53:24 IST" data-provider="User1" finished-at="2019-11-08T15:53:25 IST">
          <params>
            <param index="0">
              <value>
                <![CDATA[shahnawaz@zenincloud.com]]>
              </value>
            </param>
            <param index="1">
              <value>
                <![CDATA[Shahnawaz@123]]>
              </value>
            </param>
          </params>
          <reporter-output>
          </reporter-output>
        </test-method> <!-- login -->
        <test-method status="PASS" signature="grid()[pri:1, instance:com.freshproposals.selenium.Collapse_Controls@56235b8e]" name="grid" duration-ms="32203" started-at="2019-11-08T15:53:25 IST" finished-at="2019-11-08T15:53:57 IST">
          <reporter-output>
          </reporter-output>
        </test-method> <!-- grid -->
        <test-method status="PASS" signature="closeBrowser()[pri:0, instance:com.freshproposals.selenium.Collapse_Controls@56235b8e]" name="closeBrowser" is-config="true" duration-ms="5341" started-at="2019-11-08T15:53:57 IST" finished-at="2019-11-08T15:54:02 IST">
          <reporter-output>
          </reporter-output>
        </test-method> <!-- closeBrowser -->
      </class> <!-- com.freshproposals.selenium.Collapse_Controls -->
    </test> <!-- Default test -->
  </suite> <!-- Default suite -->
</testng-results>
