<?xml version="1.0" encoding="UTF-8"?>
<testng-results skipped="0" failed="0" ignored="0" total="11" passed="11">
  <reporter-output>
  </reporter-output>
  <suite name="Default suite" duration-ms="130029" started-at="2020-01-17T17:08:40 IST" finished-at="2020-01-17T17:10:50 IST">
    <groups>
    </groups>
    <test name="Default test" duration-ms="130029" started-at="2020-01-17T17:08:40 IST" finished-at="2020-01-17T17:10:50 IST">
      <class name="com.freshproposals.selenium.TempRead">
        <test-method status="PASS" signature="openBrowser()[pri:0, instance:com.freshproposals.selenium.TempRead@18eed359]" name="openBrowser" is-config="true" duration-ms="13860" started-at="2020-01-17T17:08:40 IST" finished-at="2020-01-17T17:08:54 IST">
          <reporter-output>
          </reporter-output>
        </test-method> <!-- openBrowser -->
        <test-method status="PASS" signature="login(java.lang.String, java.lang.String)[pri:0, instance:com.freshproposals.selenium.TempRead@18eed359]" name="login" duration-ms="5515" started-at="2020-01-17T17:08:54 IST" data-provider="User2" finished-at="2020-01-17T17:09:00 IST">
          <params>
            <param index="0">
              <value>
                <![CDATA[nikeeta3011@gmail.com]]>
              </value>
            </param>
            <param index="1">
              <value>
                <![CDATA[Nikeeta@123]]>
              </value>
            </param>
          </params>
          <reporter-output>
          </reporter-output>
        </test-method> <!-- login -->
        <test-method status="PASS" signature="ReadTemplate()[pri:1, instance:com.freshproposals.selenium.TempRead@18eed359]" name="ReadTemplate" duration-ms="13628" started-at="2020-01-17T17:09:00 IST" finished-at="2020-01-17T17:09:13 IST">
          <reporter-output>
          </reporter-output>
        </test-method> <!-- ReadTemplate -->
        <test-method status="PASS" signature="ReadTemplateCoverLetter()[pri:2, instance:com.freshproposals.selenium.TempRead@18eed359]" name="ReadTemplateCoverLetter" duration-ms="10405" started-at="2020-01-17T17:09:13 IST" finished-at="2020-01-17T17:09:24 IST">
          <reporter-output>
          </reporter-output>
        </test-method> <!-- ReadTemplateCoverLetter -->
        <test-method status="PASS" signature="ReadTemplateExecutiveSummary()[pri:3, instance:com.freshproposals.selenium.TempRead@18eed359]" name="ReadTemplateExecutiveSummary" duration-ms="10479" started-at="2020-01-17T17:09:24 IST" finished-at="2020-01-17T17:09:34 IST">
          <reporter-output>
          </reporter-output>
        </test-method> <!-- ReadTemplateExecutiveSummary -->
        <test-method status="PASS" signature="ReadTemplateAboutUs()[pri:4, instance:com.freshproposals.selenium.TempRead@18eed359]" name="ReadTemplateAboutUs" duration-ms="10435" started-at="2020-01-17T17:09:34 IST" finished-at="2020-01-17T17:09:44 IST">
          <reporter-output>
          </reporter-output>
        </test-method> <!-- ReadTemplateAboutUs -->
        <test-method status="PASS" signature="ReadTemplateProjectActivity()[pri:5, instance:com.freshproposals.selenium.TempRead@18eed359]" name="ReadTemplateProjectActivity" duration-ms="10562" started-at="2020-01-17T17:09:44 IST" finished-at="2020-01-17T17:09:55 IST">
          <reporter-output>
          </reporter-output>
        </test-method> <!-- ReadTemplateProjectActivity -->
        <test-method status="PASS" signature="ReadTemplatePreview()[pri:6, instance:com.freshproposals.selenium.TempRead@18eed359]" name="ReadTemplatePreview" duration-ms="11733" started-at="2020-01-17T17:09:55 IST" finished-at="2020-01-17T17:10:07 IST">
          <reporter-output>
          </reporter-output>
        </test-method> <!-- ReadTemplatePreview -->
        <test-method status="PASS" signature="ReadTemplateCoverLetterPreview()[pri:7, instance:com.freshproposals.selenium.TempRead@18eed359]" name="ReadTemplateCoverLetterPreview" duration-ms="10339" started-at="2020-01-17T17:10:07 IST" finished-at="2020-01-17T17:10:17 IST">
          <reporter-output>
          </reporter-output>
        </test-method> <!-- ReadTemplateCoverLetterPreview -->
        <test-method status="PASS" signature="ReadTemplateExecutiveSummaryPreview()[pri:8, instance:com.freshproposals.selenium.TempRead@18eed359]" name="ReadTemplateExecutiveSummaryPreview" duration-ms="10383" started-at="2020-01-17T17:10:17 IST" finished-at="2020-01-17T17:10:28 IST">
          <reporter-output>
          </reporter-output>
        </test-method> <!-- ReadTemplateExecutiveSummaryPreview -->
        <test-method status="PASS" signature="ReadTemplateAboutUsPreview()[pri:9, instance:com.freshproposals.selenium.TempRead@18eed359]" name="ReadTemplateAboutUsPreview" duration-ms="10366" started-at="2020-01-17T17:10:28 IST" finished-at="2020-01-17T17:10:38 IST">
          <reporter-output>
          </reporter-output>
        </test-method> <!-- ReadTemplateAboutUsPreview -->
        <test-method status="PASS" signature="ReadTemplateProjectActivityPreview()[pri:10, instance:com.freshproposals.selenium.TempRead@18eed359]" name="ReadTemplateProjectActivityPreview" duration-ms="10499" started-at="2020-01-17T17:10:38 IST" finished-at="2020-01-17T17:10:48 IST">
          <reporter-output>
          </reporter-output>
        </test-method> <!-- ReadTemplateProjectActivityPreview -->
        <test-method status="PASS" signature="teardown()[pri:0, instance:com.freshproposals.selenium.TempRead@18eed359]" name="teardown" is-config="true" duration-ms="1738" started-at="2020-01-17T17:10:48 IST" finished-at="2020-01-17T17:10:50 IST">
          <reporter-output>
          </reporter-output>
        </test-method> <!-- teardown -->
      </class> <!-- com.freshproposals.selenium.TempRead -->
    </test> <!-- Default test -->
  </suite> <!-- Default suite -->
</testng-results>
