<?xml version="1.0" encoding="UTF-8"?>
<testng-results skipped="0" failed="0" ignored="0" total="3" passed="3">
  <reporter-output>
  </reporter-output>
  <suite name="Default suite" duration-ms="87376" started-at="2019-11-11T13:08:16 IST" finished-at="2019-11-11T13:09:43 IST">
    <groups>
    </groups>
    <test name="Default test" duration-ms="87376" started-at="2019-11-11T13:08:16 IST" finished-at="2019-11-11T13:09:43 IST">
      <class name="com.freshproposals.selenium.UseThis_Checkversions">
        <test-method status="PASS" signature="openBrowser()[pri:0, instance:com.freshproposals.selenium.UseThis_Checkversions@6fc6f14e]" name="openBrowser" is-config="true" duration-ms="16006" started-at="2019-11-11T13:08:16 IST" finished-at="2019-11-11T13:08:32 IST">
          <reporter-output>
          </reporter-output>
        </test-method> <!-- openBrowser -->
        <test-method status="PASS" signature="login(java.lang.String, java.lang.String)[pri:0, instance:com.freshproposals.selenium.UseThis_Checkversions@6fc6f14e]" name="login" duration-ms="658" started-at="2019-11-11T13:08:32 IST" data-provider="User1" finished-at="2019-11-11T13:08:32 IST">
          <params>
            <param index="0">
              <value>
                <![CDATA[shahnawaz@zenincloud.com]]>
              </value>
            </param>
            <param index="1">
              <value>
                <![CDATA[Shahnawaz@123]]>
              </value>
            </param>
          </params>
          <reporter-output>
          </reporter-output>
        </test-method> <!-- login -->
        <test-method status="PASS" signature="UseThisTemp()[pri:1, instance:com.freshproposals.selenium.UseThis_Checkversions@6fc6f14e]" name="UseThisTemp" duration-ms="35384" started-at="2019-11-11T13:08:32 IST" finished-at="2019-11-11T13:09:08 IST">
          <reporter-output>
          </reporter-output>
        </test-method> <!-- UseThisTemp -->
        <test-method status="PASS" signature="UseThisProp()[pri:2, instance:com.freshproposals.selenium.UseThis_Checkversions@6fc6f14e]" name="UseThisProp" duration-ms="35263" started-at="2019-11-11T13:09:08 IST" finished-at="2019-11-11T13:09:43 IST">
          <reporter-output>
          </reporter-output>
        </test-method> <!-- UseThisProp -->
      </class> <!-- com.freshproposals.selenium.UseThis_Checkversions -->
    </test> <!-- Default test -->
  </suite> <!-- Default suite -->
</testng-results>
