<?xml version="1.0" encoding="UTF-8"?>
<testng-results skipped="0" failed="0" ignored="0" total="3" passed="3">
  <reporter-output>
  </reporter-output>
  <suite name="Default suite" duration-ms="73406" started-at="2019-11-19T16:05:18 IST" finished-at="2019-11-19T16:06:31 IST">
    <groups>
    </groups>
    <test name="Default test" duration-ms="73406" started-at="2019-11-19T16:05:18 IST" finished-at="2019-11-19T16:06:31 IST">
      <class name="com.freshproposals.selenium.ShapeLineProperties">
        <test-method status="PASS" signature="openBrowser()[pri:0, instance:com.freshproposals.selenium.ShapeLineProperties@2eda0940]" name="openBrowser" is-config="true" duration-ms="18113" started-at="2019-11-19T16:05:18 IST" finished-at="2019-11-19T16:05:36 IST">
          <reporter-output>
          </reporter-output>
        </test-method> <!-- openBrowser -->
        <test-method status="PASS" signature="login(java.lang.String, java.lang.String)[pri:0, instance:com.freshproposals.selenium.ShapeLineProperties@2eda0940]" name="login" duration-ms="489" started-at="2019-11-19T16:05:36 IST" data-provider="User2" finished-at="2019-11-19T16:05:36 IST">
          <params>
            <param index="0">
              <value>
                <![CDATA[nikeeta3011@gmail.com]]>
              </value>
            </param>
            <param index="1">
              <value>
                <![CDATA[Nikeeta@123]]>
              </value>
            </param>
          </params>
          <reporter-output>
          </reporter-output>
        </test-method> <!-- login -->
        <test-method status="PASS" signature="LineProperties()[pri:1, instance:com.freshproposals.selenium.ShapeLineProperties@2eda0940]" name="LineProperties" duration-ms="52624" started-at="2019-11-19T16:05:36 IST" finished-at="2019-11-19T16:06:29 IST">
          <reporter-output>
          </reporter-output>
        </test-method> <!-- LineProperties -->
        <test-method status="PASS" signature="shapeResize()[pri:2, instance:com.freshproposals.selenium.ShapeLineProperties@2eda0940]" name="shapeResize" duration-ms="2123" started-at="2019-11-19T16:06:29 IST" finished-at="2019-11-19T16:06:31 IST">
          <reporter-output>
          </reporter-output>
        </test-method> <!-- shapeResize -->
      </class> <!-- com.freshproposals.selenium.ShapeLineProperties -->
    </test> <!-- Default test -->
  </suite> <!-- Default suite -->
</testng-results>
