<?xml version="1.0" encoding="UTF-8"?>
<testng-results skipped="0" failed="0" ignored="0" total="3" passed="3">
  <reporter-output>
  </reporter-output>
  <suite name="Default suite" duration-ms="115521" started-at="2020-03-30T17:39:22 IST" finished-at="2020-03-30T17:41:17 IST">
    <groups>
    </groups>
    <test name="Default test" duration-ms="115521" started-at="2020-03-30T17:39:22 IST" finished-at="2020-03-30T17:41:17 IST">
      <class name="com.freshproposals.selenium.Signature_Proposal">
        <test-method status="PASS" signature="openBrowser()[pri:0, instance:com.freshproposals.selenium.Signature_Proposal@887af79]" name="openBrowser" is-config="true" duration-ms="15293" started-at="2020-03-30T17:39:22 IST" finished-at="2020-03-30T17:39:37 IST">
          <reporter-output>
          </reporter-output>
        </test-method> <!-- openBrowser -->
        <test-method status="PASS" signature="login(java.lang.String, java.lang.String)[pri:0, instance:com.freshproposals.selenium.Signature_Proposal@887af79]" name="login" duration-ms="662" started-at="2020-03-30T17:39:37 IST" data-provider="User1" finished-at="2020-03-30T17:39:38 IST">
          <params>
            <param index="0">
              <value>
                <![CDATA[shahnawaz@zenincloud.com]]>
              </value>
            </param>
            <param index="1">
              <value>
                <![CDATA[Shahnawaz@123]]>
              </value>
            </param>
          </params>
          <reporter-output>
          </reporter-output>
        </test-method> <!-- login -->
        <test-method status="PASS" signature="open_Proposal()[pri:1, instance:com.freshproposals.selenium.Signature_Proposal@887af79]" name="open_Proposal" duration-ms="16174" started-at="2020-03-30T17:39:38 IST" finished-at="2020-03-30T17:39:54 IST">
          <reporter-output>
          </reporter-output>
        </test-method> <!-- open_Proposal -->
        <test-method status="PASS" signature="ExtendsMethods()[pri:2, instance:com.freshproposals.selenium.Signature_Proposal@887af79]" name="ExtendsMethods" duration-ms="79352" started-at="2020-03-30T17:39:54 IST" finished-at="2020-03-30T17:41:14 IST">
          <reporter-output>
          </reporter-output>
        </test-method> <!-- ExtendsMethods -->
        <test-method status="PASS" signature="closeBrowser()[pri:0, instance:com.freshproposals.selenium.Signature_Proposal@887af79]" name="closeBrowser" is-config="true" duration-ms="3967" started-at="2020-03-30T17:41:14 IST" finished-at="2020-03-30T17:41:17 IST">
          <reporter-output>
          </reporter-output>
        </test-method> <!-- closeBrowser -->
      </class> <!-- com.freshproposals.selenium.Signature_Proposal -->
    </test> <!-- Default test -->
  </suite> <!-- Default suite -->
</testng-results>
