<?xml version="1.0" encoding="UTF-8"?>
<testng-results skipped="0" failed="0" ignored="0" total="8" passed="8">
  <reporter-output>
  </reporter-output>
  <suite name="Default suite" duration-ms="81640" started-at="2019-12-31T16:14:06 IST" finished-at="2019-12-31T16:15:28 IST">
    <groups>
    </groups>
    <test name="Default test" duration-ms="81640" started-at="2019-12-31T16:14:06 IST" finished-at="2019-12-31T16:15:28 IST">
      <class name="com.freshproposals.selenium.Template_TextBox_2">
        <test-method status="PASS" signature="openBrowser()[pri:0, instance:com.freshproposals.selenium.Template_TextBox_2@370736d9]" name="openBrowser" is-config="true" duration-ms="9483" started-at="2019-12-31T16:14:06 IST" finished-at="2019-12-31T16:14:15 IST">
          <reporter-output>
          </reporter-output>
        </test-method> <!-- openBrowser -->
        <test-method status="PASS" signature="login(java.lang.String, java.lang.String)[pri:0, instance:com.freshproposals.selenium.Template_TextBox_2@370736d9]" name="login" duration-ms="588" started-at="2019-12-31T16:14:16 IST" data-provider="User1" finished-at="2019-12-31T16:14:16 IST">
          <params>
            <param index="0">
              <value>
                <![CDATA[shahnawaz@zenincloud.com]]>
              </value>
            </param>
            <param index="1">
              <value>
                <![CDATA[Shahnawaz@123]]>
              </value>
            </param>
          </params>
          <reporter-output>
          </reporter-output>
        </test-method> <!-- login -->
        <test-method status="PASS" signature="openExistTemplate()[pri:1, instance:com.freshproposals.selenium.Template_TextBox_2@370736d9]" name="openExistTemplate" duration-ms="10186" started-at="2019-12-31T16:14:16 IST" finished-at="2019-12-31T16:14:26 IST">
          <reporter-output>
          </reporter-output>
        </test-method> <!-- openExistTemplate -->
        <test-method status="PASS" signature="color()[pri:2, instance:com.freshproposals.selenium.Template_TextBox_2@370736d9]" name="color" duration-ms="6565" started-at="2019-12-31T16:14:26 IST" finished-at="2019-12-31T16:14:33 IST">
          <reporter-output>
          </reporter-output>
        </test-method> <!-- color -->
        <test-method status="PASS" signature="corner()[pri:3, instance:com.freshproposals.selenium.Template_TextBox_2@370736d9]" name="corner" duration-ms="2532" started-at="2019-12-31T16:14:33 IST" finished-at="2019-12-31T16:14:35 IST">
          <reporter-output>
          </reporter-output>
        </test-method> <!-- corner -->
        <test-method status="PASS" signature="advance()[pri:4, instance:com.freshproposals.selenium.Template_TextBox_2@370736d9]" name="advance" duration-ms="7566" started-at="2019-12-31T16:14:35 IST" finished-at="2019-12-31T16:14:43 IST">
          <reporter-output>
          </reporter-output>
        </test-method> <!-- advance -->
        <test-method status="PASS" signature="gradient()[pri:5, instance:com.freshproposals.selenium.Template_TextBox_2@370736d9]" name="gradient" duration-ms="4302" started-at="2019-12-31T16:14:43 IST" finished-at="2019-12-31T16:14:47 IST">
          <reporter-output>
          </reporter-output>
        </test-method> <!-- gradient -->
        <test-method status="PASS" signature="Save()[pri:6, instance:com.freshproposals.selenium.Template_TextBox_2@370736d9]" name="Save" duration-ms="10453" started-at="2019-12-31T16:14:47 IST" finished-at="2019-12-31T16:14:58 IST">
          <reporter-output>
          </reporter-output>
        </test-method> <!-- Save -->
        <test-method status="PASS" signature="Reset()[pri:7, instance:com.freshproposals.selenium.Template_TextBox_2@370736d9]" name="Reset" duration-ms="22783" started-at="2019-12-31T16:14:58 IST" finished-at="2019-12-31T16:15:21 IST">
          <reporter-output>
          </reporter-output>
        </test-method> <!-- Reset -->
        <test-method status="PASS" signature="closeBrowser()[pri:0, instance:com.freshproposals.selenium.Template_TextBox_2@370736d9]" name="closeBrowser" is-config="true" duration-ms="7096" started-at="2019-12-31T16:15:21 IST" finished-at="2019-12-31T16:15:28 IST">
          <reporter-output>
          </reporter-output>
        </test-method> <!-- closeBrowser -->
      </class> <!-- com.freshproposals.selenium.Template_TextBox_2 -->
    </test> <!-- Default test -->
  </suite> <!-- Default suite -->
</testng-results>
