<?xml version="1.0" encoding="UTF-8"?>
<testng-results skipped="0" failed="0" ignored="0" total="19" passed="19">
  <reporter-output>
  </reporter-output>
  <suite name="Default suite" duration-ms="101649" started-at="2020-01-22T18:42:15 IST" finished-at="2020-01-22T18:43:57 IST">
    <groups>
    </groups>
    <test name="Default test" duration-ms="101649" started-at="2020-01-22T18:42:15 IST" finished-at="2020-01-22T18:43:57 IST">
      <class name="com.freshproposals.selenium.Image_Section">
        <test-method status="PASS" signature="openBrowser()[pri:0, instance:com.freshproposals.selenium.Image_Section@3108bc]" name="openBrowser" is-config="true" duration-ms="12168" started-at="2020-01-22T18:42:15 IST" finished-at="2020-01-22T18:42:27 IST">
          <reporter-output>
          </reporter-output>
        </test-method> <!-- openBrowser -->
        <test-method status="PASS" signature="login(java.lang.String, java.lang.String)[pri:0, instance:com.freshproposals.selenium.Image_Section@3108bc]" name="login" duration-ms="643" started-at="2020-01-22T18:42:27 IST" data-provider="User1" finished-at="2020-01-22T18:42:28 IST">
          <params>
            <param index="0">
              <value>
                <![CDATA[shahnawaz@zenincloud.com]]>
              </value>
            </param>
            <param index="1">
              <value>
                <![CDATA[Shahnawaz@123]]>
              </value>
            </param>
          </params>
          <reporter-output>
          </reporter-output>
        </test-method> <!-- login -->
        <test-method status="PASS" signature="openExistTemplate()[pri:1, instance:com.freshproposals.selenium.Image_Section@3108bc]" name="openExistTemplate" duration-ms="9291" started-at="2020-01-22T18:42:28 IST" finished-at="2020-01-22T18:42:37 IST">
          <reporter-output>
          </reporter-output>
        </test-method> <!-- openExistTemplate -->
        <test-method status="PASS" signature="width()[pri:2, instance:com.freshproposals.selenium.Image_Section@3108bc]" name="width" duration-ms="4551" started-at="2020-01-22T18:42:37 IST" finished-at="2020-01-22T18:42:42 IST">
          <reporter-output>
          </reporter-output>
        </test-method> <!-- width -->
        <test-method status="PASS" signature="Save_width()[pri:3, instance:com.freshproposals.selenium.Image_Section@3108bc]" name="Save_width" duration-ms="12385" started-at="2020-01-22T18:42:42 IST" finished-at="2020-01-22T18:42:54 IST">
          <reporter-output>
          </reporter-output>
        </test-method> <!-- Save_width -->
        <test-method status="PASS" signature="reflect_width()[pri:4, instance:com.freshproposals.selenium.Image_Section@3108bc]" name="reflect_width" duration-ms="239" started-at="2020-01-22T18:42:54 IST" finished-at="2020-01-22T18:42:55 IST">
          <reporter-output>
          </reporter-output>
        </test-method> <!-- reflect_width -->
        <test-method status="PASS" signature="Reset_width()[pri:5, instance:com.freshproposals.selenium.Image_Section@3108bc]" name="Reset_width" duration-ms="4272" started-at="2020-01-22T18:42:55 IST" finished-at="2020-01-22T18:42:59 IST">
          <reporter-output>
          </reporter-output>
        </test-method> <!-- Reset_width -->
        <test-method status="PASS" signature="rotate()[pri:7, instance:com.freshproposals.selenium.Image_Section@3108bc]" name="rotate" duration-ms="3290" started-at="2020-01-22T18:42:59 IST" finished-at="2020-01-22T18:43:02 IST">
          <reporter-output>
          </reporter-output>
        </test-method> <!-- rotate -->
        <test-method status="PASS" signature="corner()[pri:8, instance:com.freshproposals.selenium.Image_Section@3108bc]" name="corner" duration-ms="1527" started-at="2020-01-22T18:43:02 IST" finished-at="2020-01-22T18:43:04 IST">
          <reporter-output>
          </reporter-output>
        </test-method> <!-- corner -->
        <test-method status="PASS" signature="border_width()[pri:10, instance:com.freshproposals.selenium.Image_Section@3108bc]" name="border_width" duration-ms="2329" started-at="2020-01-22T18:43:04 IST" finished-at="2020-01-22T18:43:06 IST">
          <reporter-output>
          </reporter-output>
        </test-method> <!-- border_width -->
        <test-method status="PASS" signature="border_style()[pri:11, instance:com.freshproposals.selenium.Image_Section@3108bc]" name="border_style" duration-ms="1330" started-at="2020-01-22T18:43:06 IST" finished-at="2020-01-22T18:43:07 IST">
          <reporter-output>
          </reporter-output>
        </test-method> <!-- border_style -->
        <test-method status="PASS" signature="padding_top()[pri:12, instance:com.freshproposals.selenium.Image_Section@3108bc]" name="padding_top" duration-ms="2358" started-at="2020-01-22T18:43:07 IST" finished-at="2020-01-22T18:43:10 IST">
          <reporter-output>
          </reporter-output>
        </test-method> <!-- padding_top -->
        <test-method status="PASS" signature="padding_left()[pri:13, instance:com.freshproposals.selenium.Image_Section@3108bc]" name="padding_left" duration-ms="1191" started-at="2020-01-22T18:43:10 IST" finished-at="2020-01-22T18:43:11 IST">
          <reporter-output>
          </reporter-output>
        </test-method> <!-- padding_left -->
        <test-method status="PASS" signature="padding_bottom()[pri:14, instance:com.freshproposals.selenium.Image_Section@3108bc]" name="padding_bottom" duration-ms="1208" started-at="2020-01-22T18:43:11 IST" finished-at="2020-01-22T18:43:12 IST">
          <reporter-output>
          </reporter-output>
        </test-method> <!-- padding_bottom -->
        <test-method status="PASS" signature="padding_right()[pri:15, instance:com.freshproposals.selenium.Image_Section@3108bc]" name="padding_right" duration-ms="180" started-at="2020-01-22T18:43:12 IST" finished-at="2020-01-22T18:43:12 IST">
          <reporter-output>
          </reporter-output>
        </test-method> <!-- padding_right -->
        <test-method status="PASS" signature="save()[pri:17, instance:com.freshproposals.selenium.Image_Section@3108bc]" name="save" duration-ms="7456" started-at="2020-01-22T18:43:12 IST" finished-at="2020-01-22T18:43:20 IST">
          <reporter-output>
          </reporter-output>
        </test-method> <!-- save -->
        <test-method status="PASS" signature="reflect_border_width()[pri:21, instance:com.freshproposals.selenium.Image_Section@3108bc]" name="reflect_border_width" duration-ms="5569" started-at="2020-01-22T18:43:20 IST" finished-at="2020-01-22T18:43:25 IST">
          <reporter-output>
          </reporter-output>
        </test-method> <!-- reflect_border_width -->
        <test-method status="PASS" signature="reflect_border_style()[pri:22, instance:com.freshproposals.selenium.Image_Section@3108bc]" name="reflect_border_style" duration-ms="5127" started-at="2020-01-22T18:43:25 IST" finished-at="2020-01-22T18:43:30 IST">
          <reporter-output>
          </reporter-output>
        </test-method> <!-- reflect_border_style -->
        <test-method status="PASS" signature="reflect_padding()[pri:23, instance:com.freshproposals.selenium.Image_Section@3108bc]" name="reflect_padding" duration-ms="5182" started-at="2020-01-22T18:43:30 IST" finished-at="2020-01-22T18:43:36 IST">
          <reporter-output>
          </reporter-output>
        </test-method> <!-- reflect_padding -->
        <test-method status="PASS" signature="Reset_All()[pri:24, instance:com.freshproposals.selenium.Image_Section@3108bc]" name="Reset_All" duration-ms="16097" started-at="2020-01-22T18:43:36 IST" finished-at="2020-01-22T18:43:52 IST">
          <reporter-output>
          </reporter-output>
        </test-method> <!-- Reset_All -->
        <test-method status="PASS" signature="closeBrowser()[pri:0, instance:com.freshproposals.selenium.Image_Section@3108bc]" name="closeBrowser" is-config="true" duration-ms="5111" started-at="2020-01-22T18:43:52 IST" finished-at="2020-01-22T18:43:57 IST">
          <reporter-output>
          </reporter-output>
        </test-method> <!-- closeBrowser -->
      </class> <!-- com.freshproposals.selenium.Image_Section -->
    </test> <!-- Default test -->
  </suite> <!-- Default suite -->
</testng-results>
