<?xml version="1.0" encoding="UTF-8"?>
<testng-results skipped="0" failed="0" ignored="0" total="21" passed="21">
  <reporter-output>
  </reporter-output>
  <suite name="Default suite" duration-ms="126349" started-at="2020-01-03T18:06:59 IST" finished-at="2020-01-03T18:09:06 IST">
    <groups>
    </groups>
    <test name="Default test" duration-ms="126349" started-at="2020-01-03T18:06:59 IST" finished-at="2020-01-03T18:09:06 IST">
      <class name="com.freshproposals.selenium.Image_Template">
        <test-method status="PASS" signature="openBrowser()[pri:0, instance:com.freshproposals.selenium.Image_Template@6f1fba17]" name="openBrowser" is-config="true" duration-ms="10919" started-at="2020-01-03T18:06:59 IST" finished-at="2020-01-03T18:07:10 IST">
          <reporter-output>
          </reporter-output>
        </test-method> <!-- openBrowser -->
        <test-method status="PASS" signature="login(java.lang.String, java.lang.String)[pri:0, instance:com.freshproposals.selenium.Image_Template@6f1fba17]" name="login" duration-ms="672" started-at="2020-01-03T18:07:10 IST" data-provider="User1" finished-at="2020-01-03T18:07:11 IST">
          <params>
            <param index="0">
              <value>
                <![CDATA[shahnawaz@zenincloud.com]]>
              </value>
            </param>
            <param index="1">
              <value>
                <![CDATA[Shahnawaz@123]]>
              </value>
            </param>
          </params>
          <reporter-output>
          </reporter-output>
        </test-method> <!-- login -->
        <test-method status="PASS" signature="openExistTemplate()[pri:1, instance:com.freshproposals.selenium.Image_Template@6f1fba17]" name="openExistTemplate" duration-ms="11029" started-at="2020-01-03T18:07:11 IST" finished-at="2020-01-03T18:07:22 IST">
          <reporter-output>
          </reporter-output>
        </test-method> <!-- openExistTemplate -->
        <test-method status="PASS" signature="width()[pri:2, instance:com.freshproposals.selenium.Image_Template@6f1fba17]" name="width" duration-ms="4468" started-at="2020-01-03T18:07:22 IST" finished-at="2020-01-03T18:07:27 IST">
          <reporter-output>
          </reporter-output>
        </test-method> <!-- width -->
        <test-method status="PASS" signature="Save_width()[pri:3, instance:com.freshproposals.selenium.Image_Template@6f1fba17]" name="Save_width" duration-ms="12284" started-at="2020-01-03T18:07:27 IST" finished-at="2020-01-03T18:07:39 IST">
          <reporter-output>
          </reporter-output>
        </test-method> <!-- Save_width -->
        <test-method status="PASS" signature="reflect_width()[pri:4, instance:com.freshproposals.selenium.Image_Template@6f1fba17]" name="reflect_width" duration-ms="196" started-at="2020-01-03T18:07:39 IST" finished-at="2020-01-03T18:07:39 IST">
          <reporter-output>
          </reporter-output>
        </test-method> <!-- reflect_width -->
        <test-method status="PASS" signature="Reset_width()[pri:5, instance:com.freshproposals.selenium.Image_Template@6f1fba17]" name="Reset_width" duration-ms="4306" started-at="2020-01-03T18:07:39 IST" finished-at="2020-01-03T18:07:43 IST">
          <reporter-output>
          </reporter-output>
        </test-method> <!-- Reset_width -->
        <test-method status="PASS" signature="color()[pri:6, instance:com.freshproposals.selenium.Image_Template@6f1fba17]" name="color" duration-ms="7727" started-at="2020-01-03T18:07:43 IST" finished-at="2020-01-03T18:07:51 IST">
          <reporter-output>
          </reporter-output>
        </test-method> <!-- color -->
        <test-method status="PASS" signature="rotate()[pri:7, instance:com.freshproposals.selenium.Image_Template@6f1fba17]" name="rotate" duration-ms="3298" started-at="2020-01-03T18:07:51 IST" finished-at="2020-01-03T18:07:54 IST">
          <reporter-output>
          </reporter-output>
        </test-method> <!-- rotate -->
        <test-method status="PASS" signature="corner()[pri:8, instance:com.freshproposals.selenium.Image_Template@6f1fba17]" name="corner" duration-ms="1450" started-at="2020-01-03T18:07:54 IST" finished-at="2020-01-03T18:07:56 IST">
          <reporter-output>
          </reporter-output>
        </test-method> <!-- corner -->
        <test-method status="PASS" signature="border_width()[pri:10, instance:com.freshproposals.selenium.Image_Template@6f1fba17]" name="border_width" duration-ms="2353" started-at="2020-01-03T18:07:56 IST" finished-at="2020-01-03T18:07:58 IST">
          <reporter-output>
          </reporter-output>
        </test-method> <!-- border_width -->
        <test-method status="PASS" signature="border_style()[pri:11, instance:com.freshproposals.selenium.Image_Template@6f1fba17]" name="border_style" duration-ms="1348" started-at="2020-01-03T18:07:58 IST" finished-at="2020-01-03T18:08:00 IST">
          <reporter-output>
          </reporter-output>
        </test-method> <!-- border_style -->
        <test-method status="PASS" signature="padding_top()[pri:12, instance:com.freshproposals.selenium.Image_Template@6f1fba17]" name="padding_top" duration-ms="2328" started-at="2020-01-03T18:08:00 IST" finished-at="2020-01-03T18:08:02 IST">
          <reporter-output>
          </reporter-output>
        </test-method> <!-- padding_top -->
        <test-method status="PASS" signature="padding_left()[pri:13, instance:com.freshproposals.selenium.Image_Template@6f1fba17]" name="padding_left" duration-ms="1192" started-at="2020-01-03T18:08:02 IST" finished-at="2020-01-03T18:08:03 IST">
          <reporter-output>
          </reporter-output>
        </test-method> <!-- padding_left -->
        <test-method status="PASS" signature="padding_bottom()[pri:14, instance:com.freshproposals.selenium.Image_Template@6f1fba17]" name="padding_bottom" duration-ms="1174" started-at="2020-01-03T18:08:03 IST" finished-at="2020-01-03T18:08:04 IST">
          <reporter-output>
          </reporter-output>
        </test-method> <!-- padding_bottom -->
        <test-method status="PASS" signature="padding_right()[pri:15, instance:com.freshproposals.selenium.Image_Template@6f1fba17]" name="padding_right" duration-ms="201" started-at="2020-01-03T18:08:04 IST" finished-at="2020-01-03T18:08:05 IST">
          <reporter-output>
          </reporter-output>
        </test-method> <!-- padding_right -->
        <test-method status="PASS" signature="flip()[pri:16, instance:com.freshproposals.selenium.Image_Template@6f1fba17]" name="flip" duration-ms="1153" started-at="2020-01-03T18:08:05 IST" finished-at="2020-01-03T18:08:06 IST">
          <reporter-output>
          </reporter-output>
        </test-method> <!-- flip -->
        <test-method status="PASS" signature="save()[pri:17, instance:com.freshproposals.selenium.Image_Template@6f1fba17]" name="save" duration-ms="9954" started-at="2020-01-03T18:08:06 IST" finished-at="2020-01-03T18:08:16 IST">
          <reporter-output>
          </reporter-output>
        </test-method> <!-- save -->
        <test-method status="PASS" signature="reflect_border_width()[pri:21, instance:com.freshproposals.selenium.Image_Template@6f1fba17]" name="reflect_border_width" duration-ms="5879" started-at="2020-01-03T18:08:16 IST" finished-at="2020-01-03T18:08:22 IST">
          <reporter-output>
          </reporter-output>
        </test-method> <!-- reflect_border_width -->
        <test-method status="PASS" signature="reflect_border_style()[pri:22, instance:com.freshproposals.selenium.Image_Template@6f1fba17]" name="reflect_border_style" duration-ms="5175" started-at="2020-01-03T18:08:22 IST" finished-at="2020-01-03T18:08:27 IST">
          <reporter-output>
          </reporter-output>
        </test-method> <!-- reflect_border_style -->
        <test-method status="PASS" signature="reflect_padding()[pri:23, instance:com.freshproposals.selenium.Image_Template@6f1fba17]" name="reflect_padding" duration-ms="5201" started-at="2020-01-03T18:08:27 IST" finished-at="2020-01-03T18:08:32 IST">
          <reporter-output>
          </reporter-output>
        </test-method> <!-- reflect_padding -->
        <test-method status="PASS" signature="Reset_All()[pri:24, instance:com.freshproposals.selenium.Image_Template@6f1fba17]" name="Reset_All" duration-ms="28780" started-at="2020-01-03T18:08:32 IST" finished-at="2020-01-03T18:09:01 IST">
          <reporter-output>
          </reporter-output>
        </test-method> <!-- Reset_All -->
        <test-method status="PASS" signature="closeBrowser()[pri:0, instance:com.freshproposals.selenium.Image_Template@6f1fba17]" name="closeBrowser" is-config="true" duration-ms="5127" started-at="2020-01-03T18:09:01 IST" finished-at="2020-01-03T18:09:06 IST">
          <reporter-output>
          </reporter-output>
        </test-method> <!-- closeBrowser -->
      </class> <!-- com.freshproposals.selenium.Image_Template -->
    </test> <!-- Default test -->
  </suite> <!-- Default suite -->
</testng-results>
