<?xml version="1.0" encoding="UTF-8"?>
<testng-results skipped="0" failed="1" ignored="0" total="5" passed="4">
  <reporter-output>
  </reporter-output>
  <suite name="Default suite" duration-ms="335760" started-at="2020-03-04T18:00:42 IST" finished-at="2020-03-04T18:06:18 IST">
    <groups>
    </groups>
    <test name="Default test" duration-ms="335760" started-at="2020-03-04T18:00:42 IST" finished-at="2020-03-04T18:06:18 IST">
      <class name="com.freshproposals.selenium.FeeTable">
        <test-method status="PASS" signature="openBrowser()[pri:0, instance:com.freshproposals.selenium.FeeTable@18eed359]" name="openBrowser" is-config="true" duration-ms="15523" started-at="2020-03-04T18:00:42 IST" finished-at="2020-03-04T18:00:57 IST">
          <reporter-output>
          </reporter-output>
        </test-method> <!-- openBrowser -->
        <test-method status="PASS" signature="login(java.lang.String, java.lang.String)[pri:0, instance:com.freshproposals.selenium.FeeTable@18eed359]" name="login" duration-ms="5482" started-at="2020-03-04T18:00:57 IST" data-provider="User2" finished-at="2020-03-04T18:01:03 IST">
          <params>
            <param index="0">
              <value>
                <![CDATA[nikeeta3011@gmail.com]]>
              </value>
            </param>
            <param index="1">
              <value>
                <![CDATA[Nikeeta@123]]>
              </value>
            </param>
          </params>
          <reporter-output>
          </reporter-output>
        </test-method> <!-- login -->
        <test-method status="PASS" signature="SelectRowType()[pri:1, instance:com.freshproposals.selenium.FeeTable@18eed359]" name="SelectRowType" duration-ms="72782" started-at="2020-03-04T18:01:03 IST" depends-on-methods="com.freshproposals.selenium.FeeTable.login" finished-at="2020-03-04T18:02:16 IST">
          <reporter-output>
          </reporter-output>
        </test-method> <!-- SelectRowType -->
        <test-method status="PASS" signature="AddRowRowDiscountandChangeType()[pri:2, instance:com.freshproposals.selenium.FeeTable@18eed359]" name="AddRowRowDiscountandChangeType" duration-ms="61554" started-at="2020-03-04T18:02:16 IST" depends-on-methods="com.freshproposals.selenium.FeeTable.login" finished-at="2020-03-04T18:03:17 IST">
          <reporter-output>
          </reporter-output>
        </test-method> <!-- AddRowRowDiscountandChangeType -->
        <test-method status="PASS" signature="FeeRowisoptional()[pri:4, instance:com.freshproposals.selenium.FeeTable@18eed359]" name="FeeRowisoptional" duration-ms="41780" started-at="2020-03-04T18:03:17 IST" finished-at="2020-03-04T18:03:59 IST">
          <reporter-output>
          </reporter-output>
        </test-method> <!-- FeeRowisoptional -->
        <test-method status="FAIL" signature="TableDiscount()[pri:5, instance:com.freshproposals.selenium.FeeTable@18eed359]" name="TableDiscount" duration-ms="137060" started-at="2020-03-04T18:03:59 IST" depends-on-methods="com.freshproposals.selenium.FeeTable.login" finished-at="2020-03-04T18:06:16 IST">
          <exception class="java.lang.AssertionError">
            <message>
              <![CDATA[The following asserts failed:
expected [TableDisc ( 10 % ) 1,000.00] but found [TableDisc ( 10 % )
1,000.00]]]>
            </message>
            <full-stacktrace>
              <![CDATA[java.lang.AssertionError: The following asserts failed:
expected [TableDisc ( 10 % ) 1,000.00] but found [TableDisc ( 10 % )
1,000.00]
at org.testng.asserts.SoftAssert.assertAll(SoftAssert.java:47)
at org.testng.asserts.SoftAssert.assertAll(SoftAssert.java:31)
at com.freshproposals.selenium.FeeTable.TableDiscountReset(FeeTable.java:472)
at com.freshproposals.selenium.FeeTable.TableDiscount(FeeTable.java:386)
at sun.reflect.NativeMethodAccessorImpl.invoke0(Native Method)
at sun.reflect.NativeMethodAccessorImpl.invoke(Unknown Source)
at sun.reflect.DelegatingMethodAccessorImpl.invoke(Unknown Source)
at java.lang.reflect.Method.invoke(Unknown Source)
at org.testng.internal.MethodInvocationHelper.invokeMethod(MethodInvocationHelper.java:133)
at org.testng.internal.TestInvoker.invokeMethod(TestInvoker.java:584)
at org.testng.internal.TestInvoker.invokeTestMethod(TestInvoker.java:172)
at org.testng.internal.MethodRunner.runInSequence(MethodRunner.java:46)
at org.testng.internal.TestInvoker$MethodInvocationAgent.invoke(TestInvoker.java:804)
at org.testng.internal.TestInvoker.invokeTestMethods(TestInvoker.java:145)
at org.testng.internal.TestMethodWorker.invokeTestMethods(TestMethodWorker.java:146)
at org.testng.internal.TestMethodWorker.run(TestMethodWorker.java:128)
at java.util.ArrayList.forEach(Unknown Source)
at org.testng.TestRunner.privateRun(TestRunner.java:770)
at org.testng.TestRunner.run(TestRunner.java:591)
at org.testng.SuiteRunner.runTest(SuiteRunner.java:402)
at org.testng.SuiteRunner.runSequentially(SuiteRunner.java:396)
at org.testng.SuiteRunner.privateRun(SuiteRunner.java:355)
at org.testng.SuiteRunner.run(SuiteRunner.java:304)
at org.testng.SuiteRunnerWorker.runSuite(SuiteRunnerWorker.java:53)
at org.testng.SuiteRunnerWorker.run(SuiteRunnerWorker.java:96)
at org.testng.TestNG.runSuitesSequentially(TestNG.java:1180)
at org.testng.TestNG.runSuitesLocally(TestNG.java:1102)
at org.testng.TestNG.runSuites(TestNG.java:1032)
at org.testng.TestNG.run(TestNG.java:1000)
at org.testng.remote.AbstractRemoteTestNG.run(AbstractRemoteTestNG.java:115)
at org.testng.remote.RemoteTestNG.initAndRun(RemoteTestNG.java:251)
at org.testng.remote.RemoteTestNG.main(RemoteTestNG.java:77)
]]>
            </full-stacktrace>
          </exception> <!-- java.lang.AssertionError -->
          <reporter-output>
          </reporter-output>
        </test-method> <!-- TableDiscount -->
        <test-method status="PASS" signature="teardown()[pri:0, instance:com.freshproposals.selenium.FeeTable@18eed359]" name="teardown" is-config="true" duration-ms="1487" started-at="2020-03-04T18:06:16 IST" finished-at="2020-03-04T18:06:18 IST">
          <reporter-output>
          </reporter-output>
        </test-method> <!-- teardown -->
      </class> <!-- com.freshproposals.selenium.FeeTable -->
    </test> <!-- Default test -->
  </suite> <!-- Default suite -->
</testng-results>
